<?xml version="1.0" encoding="UTF-8"?>
<testng-results ignored="0" total="2" passed="2" failed="0" skipped="0">
  <reporter-output>
  </reporter-output>
  <suite started-at="2025-12-27T18:45:54 IST" name="Default suite" finished-at="2025-12-27T18:45:56 IST" duration-ms="1789">
    <groups>
    </groups>
    <test started-at="2025-12-27T18:45:54 IST" name="Default test" finished-at="2025-12-27T18:45:56 IST" duration-ms="1789">
      <class name="Playwright_Methods.Dropdowns_003_GetCount">
        <test-method signature="LaunchBrowser()[pri:1, instance:Playwright_Methods.Dropdowns_003_GetCount@18271936]" started-at="2025-12-27T18:45:54 IST" name="LaunchBrowser" finished-at="2025-12-27T18:45:56 IST" duration-ms="1641" status="PASS">
          <reporter-output>
          </reporter-output>
        </test-method> <!-- LaunchBrowser -->
        <test-method signature="Dropdown_01()[pri:2, instance:Playwright_Methods.Dropdowns_003_GetCount@18271936]" started-at="2025-12-27T18:45:56 IST" name="Dropdown_01" finished-at="2025-12-27T18:45:56 IST" duration-ms="48" status="PASS">
          <reporter-output>
          </reporter-output>
        </test-method> <!-- Dropdown_01 -->
      </class> <!-- Playwright_Methods.Dropdowns_003_GetCount -->
    </test> <!-- Default test -->
  </suite> <!-- Default suite -->
</testng-results>
