<?xml version="1.0" encoding="UTF-8"?>
<!-- Generated by org.testng.reporters.JUnitXMLReporter -->
<testsuite ignored="0" hostname="DESKTOP-DUDBIK6" failures="0" tests="2" name="Default test" time="40.466" errors="0" timestamp="2026-05-03T16:21:43 IST">
  <testcase classname="Window_PopUp_Handling.Handling_Window_PopUPs_001" name="PopUP_Window_01" time="6.769"/>
  <testcase classname="Window_PopUp_Handling.Handling_Window_PopUPs_001" name="PopUP_Window_02" time="8.6"/>
</testsuite> <!-- Default test -->
