<?xml version="1.0" encoding="UTF-8"?>
<!-- Generated by org.testng.reporters.JUnitReportReporter -->
<testsuite hostname="DESKTOP-DUDBIK6" failures="0" tests="2" name="Window_PopUp_Handling.WindowHandling_001" time="7.704" errors="0" timestamp="2026-05-03T15:15:12 IST" skipped="0">
  <testcase classname="Window_PopUp_Handling.WindowHandling_001" name="BrowserLaunch" time="1.214"/>
  <testcase classname="Window_PopUp_Handling.WindowHandling_001" name="Window_Handling_002" time="6.490"/>
</testsuite> <!-- Window_PopUp_Handling.WindowHandling_001 -->
