<?xml version="1.0" encoding="UTF-8"?>
<!-- Generated by org.testng.reporters.JUnitReportReporter -->
<testsuite hostname="DESKTOP-DUDBIK6" failures="0" tests="2" name="Frames_Handling.Handling_Frames" time="8.333" errors="0" timestamp="2026-05-02T23:11:31 IST" skipped="0">
  <testcase classname="Frames_Handling.Handling_Frames" name="BrowserLaunch" time="3.219"/>
  <testcase classname="Frames_Handling.Handling_Frames" name="Frames_001" time="5.114"/>
</testsuite> <!-- Frames_Handling.Handling_Frames -->
