<?xml version="1.0" encoding="UTF-8"?>
<!-- Generated by org.testng.reporters.JUnitReportReporter -->
<testsuite hostname="DESKTOP-DUDBIK6" failures="0" tests="2" name="LTI_MindTree.Java_Playwright.NewTest" time="0.041" errors="0" timestamp="2025-12-26T23:04:59 IST" skipped="0">
  <testcase classname="LTI_MindTree.Java_Playwright.NewTest" name="f" time="0.033"/>
  <testcase classname="LTI_MindTree.Java_Playwright.NewTest" name="f" time="0.008"/>
</testsuite> <!-- LTI_MindTree.Java_Playwright.NewTest -->
