<?xml version="1.0" encoding="UTF-8"?>
<!-- Generated by org.testng.reporters.JUnitReportReporter -->
<testsuite hostname="DESKTOP-DUDBIK6" failures="0" tests="5" name="Screenshot_Playwright.Screenshot_01" time="2.625" errors="0" timestamp="2026-05-03T22:32:20 IST" skipped="0">
  <testcase classname="Screenshot_Playwright.Screenshot_01" name="Screen_shot_001" time="0.727"/>
  <testcase classname="Screenshot_Playwright.Screenshot_01" name="Method_01" time="0.742"/>
  <testcase classname="Screenshot_Playwright.Screenshot_01" name="Method_02" time="0.760"/>
  <testcase classname="Screenshot_Playwright.Screenshot_01" name="Method_03_With_Element" time="0.247"/>
  <testcase classname="Screenshot_Playwright.Screenshot_01" name="Method_04_With_Element" time="0.149"/>
</testsuite> <!-- Screenshot_Playwright.Screenshot_01 -->
