<?xml version="1.0" encoding="UTF-8"?>
<!-- Generated by org.testng.reporters.JUnitReportReporter -->
<testsuite hostname="DESKTOP-DUDBIK6" failures="0" tests="3" name="Playwright_Methods.Dropdown_002_MultiSelect" time="22.148" errors="0" timestamp="2025-12-27T18:30:09 IST" skipped="0">
  <testcase classname="Playwright_Methods.Dropdown_002_MultiSelect" name="LaunchBrowser" time="1.450"/>
  <testcase classname="Playwright_Methods.Dropdown_002_MultiSelect" name="Dropdown_01" time="10.145"/>
  <testcase classname="Playwright_Methods.Dropdown_002_MultiSelect" name="Dropdown_02" time="10.553"/>
</testsuite> <!-- Playwright_Methods.Dropdown_002_MultiSelect -->
