<?xml version="1.0" encoding="UTF-8"?>
<!-- Generated by org.testng.reporters.JUnitReportReporter -->
<testsuite hostname="DESKTOP-DUDBIK6" failures="0" tests="2" name="LTI_MindTree.Java_Playwright.NewTest" time="0.034" errors="0" timestamp="2026-04-19T15:03:57 IST" skipped="0">
  <testcase classname="LTI_MindTree.Java_Playwright.NewTest" name="f" time="0.027"/>
  <testcase classname="LTI_MindTree.Java_Playwright.NewTest" name="f" time="0.007"/>
</testsuite> <!-- LTI_MindTree.Java_Playwright.NewTest -->
