<?xml version="1.0" encoding="UTF-8"?>
<!-- Generated by org.testng.reporters.JUnitReportReporter -->
<testsuite hostname="DESKTOP-DUDBIK6" failures="0" tests="5" name="AlertHandling.Handling_Alerts" time="9.254" errors="1" timestamp="2026-05-02T22:54:27 IST" skipped="0">
  <testcase classname="AlertHandling.Handling_Alerts" name="BrowserLaunch" time="2.836"/>
  <testcase classname="AlertHandling.Handling_Alerts" name="Handling_Alert_Accept" time="0.297"/>
  <testcase classname="AlertHandling.Handling_Alerts" name="Handling_Alert_Dismiss" time="5.160"/>
  <testcase classname="AlertHandling.Handling_Alerts" name="Handling_Alert_Wait_Dismiss" time="0.042"/>
  <testcase classname="AlertHandling.Handling_Alerts" name="Handling_Alert_Promt_Accept" time="0.919">
    <error message="Error {
  message=&#039;Cannot dismiss dialog which is already handled!
  name=&#039;Error
  stack=&#039;Error: Cannot dismiss dialog which is already handled!
    at assert (C:\Users\Admin\AppData\Local\Temp\playwright-java-1010703482195427141\package\lib\utils\isomorphic\assert.js:26:11)
    at Dialog.dismiss (C:\Users\Admin\AppData\Local\Temp\playwright-java-1010703482195427141\package\lib\server\dialog.js:56:29)
    at DialogDispatcher.dismiss (C:\Users\Admin\AppData\Local\Temp\playwright-java-1010703482195427141\package\lib\server\dispatchers\dialogDispatcher.js:41:38)
    at C:\Users\Admin\AppData\Local\Temp\playwright-java-1010703482195427141\package\lib\server\dispatchers\dispatcher.js:95:61
    at ProgressController.run (C:\Users\Admin\AppData\Local\Temp\playwright-java-1010703482195427141\package\lib\server\progress.js:78:28)
    at DialogDispatcher._runCommand (C:\Users\Admin\AppData\Local\Temp\playwright-java-1010703482195427141\package\lib\server\dispatchers\dispatcher.js:95:31)
    at DispatcherConnection.dispatch (C:\Users\Admin\AppData\Local\Temp\playwright-java-1010703482195427141\package\lib\server\dispatchers\dispatcher.js:329:39)
}" type="com.microsoft.playwright.PlaywrightException">
      <![CDATA[com.microsoft.playwright.PlaywrightException: Error {
  message='Cannot dismiss dialog which is already handled!
  name='Error
  stack='Error: Cannot dismiss dialog which is already handled!
    at assert (C:\Users\Admin\AppData\Local\Temp\playwright-java-1010703482195427141\package\lib\utils\isomorphic\assert.js:26:11)
    at Dialog.dismiss (C:\Users\Admin\AppData\Local\Temp\playwright-java-1010703482195427141\package\lib\server\dialog.js:56:29)
    at DialogDispatcher.dismiss (C:\Users\Admin\AppData\Local\Temp\playwright-java-1010703482195427141\package\lib\server\dispatchers\dialogDispatcher.js:41:38)
    at C:\Users\Admin\AppData\Local\Temp\playwright-java-1010703482195427141\package\lib\server\dispatchers\dispatcher.js:95:61
    at ProgressController.run (C:\Users\Admin\AppData\Local\Temp\playwright-java-1010703482195427141\package\lib\server\progress.js:78:28)
    at DialogDispatcher._runCommand (C:\Users\Admin\AppData\Local\Temp\playwright-java-1010703482195427141\package\lib\server\dispatchers\dispatcher.js:95:31)
    at DispatcherConnection.dispatch (C:\Users\Admin\AppData\Local\Temp\playwright-java-1010703482195427141\package\lib\server\dispatchers\dispatcher.js:329:39)
}
at com.microsoft.playwright.impl.WaitableResult.get(WaitableResult.java:56)
at com.microsoft.playwright.impl.ChannelOwner.runUntil(ChannelOwner.java:138)
at com.microsoft.playwright.impl.Connection.sendMessage(Connection.java:131)
at com.microsoft.playwright.impl.ChannelOwner.sendMessage(ChannelOwner.java:124)
at com.microsoft.playwright.impl.ChannelOwner.sendMessage(ChannelOwner.java:114)
at com.microsoft.playwright.impl.DialogImpl.dismiss(DialogImpl.java:46)
at AlertHandling.Handling_Alerts.lambda$1(Handling_Alerts.java:79)
at com.microsoft.playwright.impl.PageImpl$1.accept(PageImpl.java:1599)
at com.microsoft.playwright.impl.PageImpl$1.accept(PageImpl.java:1595)
at com.microsoft.playwright.impl.ListenerCollection.notify(ListenerCollection.java:45)
at com.microsoft.playwright.impl.BrowserContextImpl.handleEvent(BrowserContextImpl.java:687)
at com.microsoft.playwright.impl.Connection.dispatch(Connection.java:295)
at com.microsoft.playwright.impl.Connection.processOneMessage(Connection.java:214)
at com.microsoft.playwright.impl.ChannelOwner.runUntil(ChannelOwner.java:136)
at com.microsoft.playwright.impl.Connection.sendMessage(Connection.java:131)
at com.microsoft.playwright.impl.ChannelOwner.sendMessage(ChannelOwner.java:124)
at com.microsoft.playwright.impl.FrameImpl.clickImpl(FrameImpl.java:244)
at com.microsoft.playwright.impl.LocatorImpl.click(LocatorImpl.java:164)
at com.microsoft.playwright.Locator.click(Locator.java:2543)
at AlertHandling.Handling_Alerts.Handling_Alert_Promt_Accept(Handling_Alerts.java:106)
at java.base/jdk.internal.reflect.DirectMethodHandleAccessor.invoke(DirectMethodHandleAccessor.java:104)
at java.base/java.lang.reflect.Method.invoke(Method.java:565)
at org.testng.internal.invokers.MethodInvocationHelper.invokeMethod(MethodInvocationHelper.java:141)
at org.testng.internal.invokers.TestInvoker.invokeMethod(TestInvoker.java:687)
at org.testng.internal.invokers.TestInvoker.invokeTestMethod(TestInvoker.java:230)
at org.testng.internal.invokers.MethodRunner.runInSequence(MethodRunner.java:63)
at org.testng.internal.invokers.TestInvoker$MethodInvocationAgent.invoke(TestInvoker.java:995)
at org.testng.internal.invokers.TestInvoker.invokeTestMethods(TestInvoker.java:203)
at org.testng.internal.invokers.TestMethodWorker.invokeTestMethods(TestMethodWorker.java:154)
at org.testng.internal.invokers.TestMethodWorker.run(TestMethodWorker.java:134)
at java.base/java.util.ArrayList.forEach(ArrayList.java:1604)
at org.testng.TestRunner.privateRun(TestRunner.java:741)
at org.testng.TestRunner.run(TestRunner.java:616)
at org.testng.SuiteRunner.runTest(SuiteRunner.java:421)
at org.testng.SuiteRunner.runSequentially(SuiteRunner.java:413)
at org.testng.SuiteRunner.privateRun(SuiteRunner.java:373)
at org.testng.SuiteRunner.run(SuiteRunner.java:312)
at org.testng.SuiteRunnerWorker.runSuite(SuiteRunnerWorker.java:52)
at org.testng.SuiteRunnerWorker.run(SuiteRunnerWorker.java:95)
at org.testng.TestNG.runSuitesSequentially(TestNG.java:1274)
at org.testng.TestNG.runSuitesLocally(TestNG.java:1208)
at org.testng.TestNG.runSuites(TestNG.java:1112)
at org.testng.TestNG.run(TestNG.java:1079)
at org.testng.remote.AbstractRemoteTestNG.run(AbstractRemoteTestNG.java:115)
at org.testng.remote.RemoteTestNG.initAndRun(RemoteTestNG.java:293)
at org.testng.remote.RemoteTestNG.main(RemoteTestNG.java:91)
Caused by: com.microsoft.playwright.impl.DriverException: Error {
  message='Cannot dismiss dialog which is already handled!
  name='Error
  stack='Error: Cannot dismiss dialog which is already handled!
    at assert (C:\Users\Admin\AppData\Local\Temp\playwright-java-1010703482195427141\package\lib\utils\isomorphic\assert.js:26:11)
    at Dialog.dismiss (C:\Users\Admin\AppData\Local\Temp\playwright-java-1010703482195427141\package\lib\server\dialog.js:56:29)
    at DialogDispatcher.dismiss (C:\Users\Admin\AppData\Local\Temp\playwright-java-1010703482195427141\package\lib\server\dispatchers\dialogDispatcher.js:41:38)
    at C:\Users\Admin\AppData\Local\Temp\playwright-java-1010703482195427141\package\lib\server\dispatchers\dispatcher.js:95:61
    at ProgressController.run (C:\Users\Admin\AppData\Local\Temp\playwright-java-1010703482195427141\package\lib\server\progress.js:78:28)
    at DialogDispatcher._runCommand (C:\Users\Admin\AppData\Local\Temp\playwright-java-1010703482195427141\package\lib\server\dispatchers\dispatcher.js:95:31)
    at DispatcherConnection.dispatch (C:\Users\Admin\AppData\Local\Temp\playwright-java-1010703482195427141\package\lib\server\dispatchers\dispatcher.js:329:39)
}
at com.microsoft.playwright.impl.Connection.dispatch(Connection.java:262)
at com.microsoft.playwright.impl.Connection.processOneMessage(Connection.java:214)
at com.microsoft.playwright.impl.ChannelOwner.runUntil(ChannelOwner.java:136)
... 44 more
]]>
    </error>
  </testcase> <!-- Handling_Alert_Promt_Accept -->
</testsuite> <!-- AlertHandling.Handling_Alerts -->
