<?xml version="1.0" encoding="UTF-8"?>
<!-- Generated by org.testng.reporters.JUnitReportReporter -->
<testsuite hostname="DESKTOP-DUDBIK6" failures="0" tests="2" name="Window_PopUp_Handling.Handling_Window_PopUPs_001" time="15.369" errors="0" timestamp="2026-05-03T16:21:43 IST" skipped="0">
  <testcase classname="Window_PopUp_Handling.Handling_Window_PopUPs_001" name="PopUP_Window_01" time="6.769"/>
  <testcase classname="Window_PopUp_Handling.Handling_Window_PopUPs_001" name="PopUP_Window_02" time="8.600"/>
</testsuite> <!-- Window_PopUp_Handling.Handling_Window_PopUPs_001 -->
