<?xml version="1.0" encoding="UTF-8"?>
<!-- Generated by org.testng.reporters.JUnitReportReporter -->
<testsuite hostname="DESKTOP-DUDBIK6" failures="0" tests="5" name="Playwright_Methods.Dropdowns_001" time="54.179" errors="1" timestamp="2025-12-27T18:07:54 IST" skipped="0">
  <testcase classname="Playwright_Methods.Dropdowns_001" name="LaunchBrowser" time="1.448"/>
  <testcase classname="Playwright_Methods.Dropdowns_001" name="Dropdown_01" time="10.578"/>
  <testcase classname="Playwright_Methods.Dropdowns_001" name="Dropdown_02" time="5.023"/>
  <testcase classname="Playwright_Methods.Dropdowns_001" name="Dropdown_03" time="7.088"/>
  <testcase classname="Playwright_Methods.Dropdowns_001" name="Dropdown_04" time="30.042">
    <error message="Error {
  message=&#039;Timeout 30000ms exceeded.
  name=&#039;TimeoutError
  stack=&#039;TimeoutError: Timeout 30000ms exceeded.
    at ProgressController.run (C:\Users\Admin\AppData\Local\Temp\playwright-java-16734922736754428865\package\lib\server\progress.js:68:28)
    at FrameDispatcher._runCommand (C:\Users\Admin\AppData\Local\Temp\playwright-java-16734922736754428865\package\lib\server\dispatchers\dispatcher.js:95:31)
    at DispatcherConnection.dispatch (C:\Users\Admin\AppData\Local\Temp\playwright-java-16734922736754428865\package\lib\server\dispatchers\dispatcher.js:329:39)
}
Call log:
-   - waiting for locator(&quot;select#select-demo&quot;)
-     - locator resolved to &lt;select id=&quot;select-demo&quot; class=&quot;form-control text-size-14 w-full block border border-gray-400 px-5 py-5 mt-10&quot;&gt;…&lt;/select&gt;
-   - attempting select option action
-     2 × waiting for element to be visible and enabled
-       - did not find some options
-     - retrying select option action
-     - waiting 20ms
-     2 × waiting for element to be visible and enabled
-       - did not find some options
-     - retrying select option action
-       - waiting 100ms
-     56 × waiting for element to be visible and enabled
-        - did not find some options
-      - retrying select option action
-        - waiting 500ms
" type="com.microsoft.playwright.TimeoutError">
      <![CDATA[com.microsoft.playwright.TimeoutError: Error {
  message='Timeout 30000ms exceeded.
  name='TimeoutError
  stack='TimeoutError: Timeout 30000ms exceeded.
    at ProgressController.run (C:\Users\Admin\AppData\Local\Temp\playwright-java-16734922736754428865\package\lib\server\progress.js:68:28)
    at FrameDispatcher._runCommand (C:\Users\Admin\AppData\Local\Temp\playwright-java-16734922736754428865\package\lib\server\dispatchers\dispatcher.js:95:31)
    at DispatcherConnection.dispatch (C:\Users\Admin\AppData\Local\Temp\playwright-java-16734922736754428865\package\lib\server\dispatchers\dispatcher.js:329:39)
}
Call log:
-   - waiting for locator("select#select-demo")
-     - locator resolved to <select id="select-demo" class="form-control text-size-14 w-full block border border-gray-400 px-5 py-5 mt-10">…</select>
-   - attempting select option action
-     2 × waiting for element to be visible and enabled
-       - did not find some options
-     - retrying select option action
-     - waiting 20ms
-     2 × waiting for element to be visible and enabled
-       - did not find some options
-     - retrying select option action
-       - waiting 100ms
-     56 × waiting for element to be visible and enabled
-        - did not find some options
-      - retrying select option action
-        - waiting 500ms

at com.microsoft.playwright.impl.WaitableResult.get(WaitableResult.java:52)
at com.microsoft.playwright.impl.ChannelOwner.runUntil(ChannelOwner.java:138)
at com.microsoft.playwright.impl.Connection.sendMessage(Connection.java:131)
at com.microsoft.playwright.impl.ChannelOwner.sendMessage(ChannelOwner.java:124)
at com.microsoft.playwright.impl.FrameImpl.selectOption(FrameImpl.java:691)
at com.microsoft.playwright.impl.FrameImpl.selectOptionImpl(FrameImpl.java:658)
at com.microsoft.playwright.impl.FrameImpl.selectOption(FrameImpl.java:646)
at com.microsoft.playwright.impl.FrameImpl.selectOption(FrameImpl.java:126)
at com.microsoft.playwright.impl.LocatorImpl.selectOption(LocatorImpl.java:542)
at com.microsoft.playwright.Locator.selectOption(Locator.java:4750)
at Playwright_Methods.Dropdowns_001.Dropdown_04(Dropdowns_001.java:93)
at java.base/jdk.internal.reflect.DirectMethodHandleAccessor.invoke(DirectMethodHandleAccessor.java:104)
at java.base/java.lang.reflect.Method.invoke(Method.java:565)
at org.testng.internal.invokers.MethodInvocationHelper.invokeMethod(MethodInvocationHelper.java:141)
at org.testng.internal.invokers.TestInvoker.invokeMethod(TestInvoker.java:687)
at org.testng.internal.invokers.TestInvoker.invokeTestMethod(TestInvoker.java:230)
at org.testng.internal.invokers.MethodRunner.runInSequence(MethodRunner.java:63)
at org.testng.internal.invokers.TestInvoker$MethodInvocationAgent.invoke(TestInvoker.java:995)
at org.testng.internal.invokers.TestInvoker.invokeTestMethods(TestInvoker.java:203)
at org.testng.internal.invokers.TestMethodWorker.invokeTestMethods(TestMethodWorker.java:154)
at org.testng.internal.invokers.TestMethodWorker.run(TestMethodWorker.java:134)
at java.base/java.util.ArrayList.forEach(ArrayList.java:1604)
at org.testng.TestRunner.privateRun(TestRunner.java:741)
at org.testng.TestRunner.run(TestRunner.java:616)
at org.testng.SuiteRunner.runTest(SuiteRunner.java:421)
at org.testng.SuiteRunner.runSequentially(SuiteRunner.java:413)
at org.testng.SuiteRunner.privateRun(SuiteRunner.java:373)
at org.testng.SuiteRunner.run(SuiteRunner.java:312)
at org.testng.SuiteRunnerWorker.runSuite(SuiteRunnerWorker.java:52)
at org.testng.SuiteRunnerWorker.run(SuiteRunnerWorker.java:95)
at org.testng.TestNG.runSuitesSequentially(TestNG.java:1274)
at org.testng.TestNG.runSuitesLocally(TestNG.java:1208)
at org.testng.TestNG.runSuites(TestNG.java:1112)
at org.testng.TestNG.run(TestNG.java:1079)
at org.testng.remote.AbstractRemoteTestNG.run(AbstractRemoteTestNG.java:115)
at org.testng.remote.RemoteTestNG.initAndRun(RemoteTestNG.java:293)
at org.testng.remote.RemoteTestNG.main(RemoteTestNG.java:91)
Caused by: com.microsoft.playwright.TimeoutError: Error {
  message='Timeout 30000ms exceeded.
  name='TimeoutError
  stack='TimeoutError: Timeout 30000ms exceeded.
    at ProgressController.run (C:\Users\Admin\AppData\Local\Temp\playwright-java-16734922736754428865\package\lib\server\progress.js:68:28)
    at FrameDispatcher._runCommand (C:\Users\Admin\AppData\Local\Temp\playwright-java-16734922736754428865\package\lib\server\dispatchers\dispatcher.js:95:31)
    at DispatcherConnection.dispatch (C:\Users\Admin\AppData\Local\Temp\playwright-java-16734922736754428865\package\lib\server\dispatchers\dispatcher.js:329:39)
}
Call log:
-   - waiting for locator("select#select-demo")
-     - locator resolved to <select id="select-demo" class="form-control text-size-14 w-full block border border-gray-400 px-5 py-5 mt-10">…</select>
-   - attempting select option action
-     2 × waiting for element to be visible and enabled
-       - did not find some options
-     - retrying select option action
-     - waiting 20ms
-     2 × waiting for element to be visible and enabled
-       - did not find some options
-     - retrying select option action
-       - waiting 100ms
-     56 × waiting for element to be visible and enabled
-        - did not find some options
-      - retrying select option action
-        - waiting 500ms

at com.microsoft.playwright.impl.Connection.dispatch(Connection.java:257)
at com.microsoft.playwright.impl.Connection.processOneMessage(Connection.java:214)
at com.microsoft.playwright.impl.ChannelOwner.runUntil(ChannelOwner.java:136)
... 35 more
]]>
    </error>
  </testcase> <!-- Dropdown_04 -->
</testsuite> <!-- Playwright_Methods.Dropdowns_001 -->
