<?xml version="1.0" encoding="UTF-8"?>
<!-- Generated by org.testng.reporters.JUnitReportReporter -->
<testsuite hostname="DESKTOP-DUDBIK6" failures="0" tests="2" name="Playwright_Methods.Click_ClickOptions_01" time="50.459" errors="0" timestamp="2025-12-27T13:35:27 IST" skipped="0">
  <testcase classname="Playwright_Methods.Click_ClickOptions_01" name="BrowserLaunch" time="23.984"/>
  <testcase classname="Playwright_Methods.Click_ClickOptions_01" name="NavigateToURL" time="26.475"/>
</testsuite> <!-- Playwright_Methods.Click_ClickOptions_01 -->
