<?xml version="1.0" encoding="UTF-8"?>
<!-- Generated by org.testng.reporters.JUnitReportReporter -->
<testsuite hostname="DESKTOP-DUDBIK6" failures="0" tests="7" name="Gestures_Playwright.Handling_MouseOver" time="7.148" errors="0" timestamp="2026-05-09T17:02:15 IST" skipped="0">
  <testcase classname="Gestures_Playwright.Handling_MouseOver" name="GoTo_HoverDemo" time="1.363"/>
  <testcase classname="Gestures_Playwright.Handling_MouseOver" name="Hover_Me_Validate" time="0.129"/>
  <testcase classname="Gestures_Playwright.Handling_MouseOver" name="Validate_ToolTip_MouseOver" time="0.094"/>
  <testcase classname="Gestures_Playwright.Handling_MouseOver" name="Validate_ScreenZoom_in_MouseOver" time="0.153"/>
  <testcase classname="Gestures_Playwright.Handling_MouseOver" name="Validate_ScreenZoom_Out_MouseOver" time="0.110"/>
  <testcase classname="Gestures_Playwright.Handling_MouseOver" name="Validate_Screen_PAN_MouseOver" time="0.202"/>
  <testcase classname="Gestures_Playwright.Handling_MouseOver" name="Validate_Screen_Blur_MouseOver" time="5.097"/>
</testsuite> <!-- Gestures_Playwright.Handling_MouseOver -->
